<?xml version="1.0" encoding="UTF-8"?>
<testng-results ignored="0" total="1" passed="1" failed="0" skipped="0">
  <reporter-output>
  </reporter-output>
  <suite started-at="2024-02-06T18:19:53 IST" name="Default suite" finished-at="2024-02-06T18:20:00 IST" duration-ms="6732">
    <groups>
    </groups>
    <test started-at="2024-02-06T18:19:53 IST" name="Default test" finished-at="2024-02-06T18:20:00 IST" duration-ms="6732">
      <class name="extentReport.LearningExtentReport">
        <test-method signature="login()[pri:0, instance:extentReport.LearningExtentReport@32b260fa]" started-at="2024-02-06T18:19:53 IST" name="login" finished-at="2024-02-06T18:20:00 IST" duration-ms="6704" status="PASS">
          <reporter-output>
          </reporter-output>
        </test-method> <!-- login -->
      </class> <!-- extentReport.LearningExtentReport -->
    </test> <!-- Default test -->
  </suite> <!-- Default suite -->
</testng-results>
