<?xml version="1.0" encoding="UTF-8"?>
<testng-results ignored="0" total="1" passed="1" failed="0" skipped="0">
  <reporter-output>
  </reporter-output>
  <suite started-at="2024-02-05T13:39:08 IST" name="Default suite" finished-at="2024-02-05T13:39:12 IST" duration-ms="4489">
    <groups>
    </groups>
    <test started-at="2024-02-05T13:39:08 IST" name="Default test" finished-at="2024-02-05T13:39:12 IST" duration-ms="4489">
      <class name="extentReport.LearningExtentReport">
        <test-method signature="login()[pri:0, instance:extentReport.LearningExtentReport@1b1426f4]" started-at="2024-02-05T13:39:08 IST" name="login" finished-at="2024-02-05T13:39:12 IST" duration-ms="4465" status="PASS">
          <reporter-output>
          </reporter-output>
        </test-method> <!-- login -->
      </class> <!-- extentReport.LearningExtentReport -->
    </test> <!-- Default test -->
  </suite> <!-- Default suite -->
</testng-results>
